<?xml version="1.0" encoding="UTF-8"?>
<testsuite name="cn.edu.nju.service.UserServiceTest" time="0.005" tests="1" errors="1" skipped="0" failures="0">
    <properties>
[...]
</properties>
    <testcase name="initializationError" classname="cn.edu.nju.service.UserServiceTest" time="0.005">
        <error message="No runnable methods" type="java.lang.Exception"><![CDATA[java.lang.Exception: No runnable methods
	at org.junit.runners.BlockJUnit4ClassRunner.validateInstanceMethods(BlockJUnit4ClassRunner.java:191)
	at org.junit.runners.BlockJUnit4ClassRunner.collectInitializationErrors(BlockJUnit4ClassRunner.java:128)
	at org.junit.runners.ParentRunner.validate(ParentRunner.java:416)
	at org.junit.runners.ParentRunner.<init>(ParentRunner.java:84)
	at org.junit.runners.BlockJUnit4ClassRunner.<init>(BlockJUnit4ClassRunner.java:65)
	at org.springframework.test.context.junit4.SpringJUnit4ClassRunner.<init>(SpringJUnit4ClassRunner.java:138)
	at org.springframework.test.context.junit4.SpringRunner.<init>(SpringRunner.java:49)
	at sun.reflect.NativeConstructorAccessorImpl.newInstance0(Native Method)
	at sun.reflect.NativeConstructorAccessorImpl.newInstance(NativeConstructorAccessorImpl.java:62)
	at sun.reflect.DelegatingConstructorAccessorImpl.newInstance(DelegatingConstructorAccessorImpl.java:45)
	at java.lang.reflect.Constructor.newInstance(Constructor.java:423)
	at org.junit.internal.builders.AnnotatedBuilder.buildRunner(AnnotatedBuilder.java:104)
	at org.junit.internal.builders.AnnotatedBuilder.runnerForClass(AnnotatedBuilder.java:86)
	at org.junit.runners.model.RunnerBuilder.safeRunnerForClass(RunnerBuilder.java:59)
	at org.junit.internal.builders.AllDefaultPossibilitiesBuilder.runnerForClass(AllDefaultPossibilitiesBuilder.java:26)
	at org.junit.runners.model.RunnerBuilder.safeRunnerForClass(RunnerBuilder.java:59)
	at org.junit.internal.requests.ClassRequest.getRunner(ClassRequest.java:33)
	at org.apache.maven.surefire.junit4.JUnit4Provider.execute(JUnit4Provider.java:283)
	at org.apache.maven.surefire.junit4.JUnit4Provider.executeWithRerun(JUnit4Provider.java:173)
	at org.apache.maven.surefire.junit4.JUnit4Provider.executeTestSet(JUnit4Provider.java:153)
	at org.apache.maven.surefire.junit4.JUnit4Provider.invoke(JUnit4Provider.java:128)
	at org.apache.maven.surefire.booter.ForkedBooter.invokeProviderInSameClassLoader(ForkedBooter.java:203)
	at org.apache.maven.surefire.booter.ForkedBooter.runSuitesInProcess(ForkedBooter.java:155)
	at org.apache.maven.surefire.booter.ForkedBooter.main(ForkedBooter.java:103)
]]></error>
        <system-out><![CDATA[13:47:54.454 [main] DEBUG org.springframework.test.context.junit4.SpringJUnit4ClassRunner - SpringJUnit4ClassRunner constructor called with [class cn.edu.nju.service.RedisTemplateTest]
13:47:54.459 [main] DEBUG org.springframework.test.context.BootstrapUtils - Instantiating CacheAwareContextLoaderDelegate from class [org.springframework.test.context.cache.DefaultCacheAwareContextLoaderDelegate]
13:47:54.464 [main] DEBUG org.springframework.test.context.BootstrapUtils - Instantiating BootstrapContext using constructor [public org.springframework.test.context.support.DefaultBootstrapContext(java.lang.Class,org.springframework.test.context.CacheAwareContextLoaderDelegate)]
13:47:54.483 [main] DEBUG org.springframework.test.context.BootstrapUtils - Instantiating TestContextBootstrapper for test class [cn.edu.nju.service.RedisTemplateTest] from class [org.springframework.boot.test.context.SpringBootTestContextBootstrapper]
13:47:54.495 [main] INFO org.springframework.boot.test.context.SpringBootTestContextBootstrapper - Neither @ContextConfiguration nor @ContextHierarchy found for test class [cn.edu.nju.service.RedisTemplateTest], using SpringBootContextLoader
13:47:54.499 [main] DEBUG org.springframework.test.context.support.AbstractContextLoader - Did not detect default resource location for test class [cn.edu.nju.service.RedisTemplateTest]: class path resource [cn/edu/nju/service/RedisTemplateTest-context.xml] does not exist
13:47:54.499 [main] DEBUG org.springframework.test.context.support.AbstractContextLoader - Did not detect default resource location for test class [cn.edu.nju.service.RedisTemplateTest]: class path resource [cn/edu/nju/service/RedisTemplateTestContext.groovy] does not exist
13:47:54.499 [main] INFO org.springframework.test.context.support.AbstractContextLoader - Could not detect default resource locations for test class [cn.edu.nju.service.RedisTemplateTest]: no resource found for suffixes {-context.xml, Context.groovy}.
13:47:54.500 [main] INFO org.springframework.test.context.support.AnnotationConfigContextLoaderUtils - Could not detect default configuration classes for test class [cn.edu.nju.service.RedisTemplateTest]: RedisTemplateTest does not declare any static, non-private, non-final, nested classes annotated with @Configuration.
13:47:54.537 [main] DEBUG org.springframework.test.context.support.ActiveProfilesUtils - Could not find an 'annotation declaring class' for annotation type [org.springframework.test.context.ActiveProfiles] and class [cn.edu.nju.service.RedisTemplateTest]
13:47:54.544 [main] DEBUG org.springframework.core.env.StandardEnvironment - Adding [systemProperties] PropertySource with lowest search precedence
13:47:54.545 [main] DEBUG org.springframework.core.env.StandardEnvironment - Adding [systemEnvironment] PropertySource with lowest search precedence
13:47:54.545 [main] DEBUG org.springframework.core.env.StandardEnvironment - Initialized StandardEnvironment with PropertySources [systemProperties,systemEnvironment]
13:47:54.555 [main] DEBUG org.springframework.core.io.support.PathMatchingResourcePatternResolver - Resolved classpath location [cn/edu/nju/service/] to resources [URL [file:/Users/thpffcj/Public/local-repository/SpringBoot-Project/distributed-passbook/passbook/target/test-classes/cn/edu/nju/service/], URL [file:/Users/thpffcj/Public/local-repository/SpringBoot-Project/distributed-passbook/passbook/target/classes/cn/edu/nju/service/]]
13:47:54.556 [main] DEBUG org.springframework.core.io.support.PathMatchingResourcePatternResolver - Looking for matching resources in directory tree [/Users/thpffcj/Public/local-repository/SpringBoot-Project/distributed-passbook/passbook/target/test-classes/cn/edu/nju/service]
13:47:54.556 [main] DEBUG org.springframework.core.io.support.PathMatchingResourcePatternResolver - Searching directory [/Users/thpffcj/Public/local-repository/SpringBoot-Project/distributed-passbook/passbook/target/test-classes/cn/edu/nju/service] for files matching pattern [/Users/thpffcj/Public/local-repository/SpringBoot-Project/distributed-passbook/passbook/target/test-classes/cn/edu/nju/service/*.class]
13:47:54.561 [main] DEBUG org.springframework.core.io.support.PathMatchingResourcePatternResolver - Looking for matching resources in directory tree [/Users/thpffcj/Public/local-repository/SpringBoot-Project/distributed-passbook/passbook/target/classes/cn/edu/nju/service]
13:47:54.562 [main] DEBUG org.springframework.core.io.support.PathMatchingResourcePatternResolver - Searching directory [/Users/thpffcj/Public/local-repository/SpringBoot-Project/distributed-passbook/passbook/target/classes/cn/edu/nju/service] for files matching pattern [/Users/thpffcj/Public/local-repository/SpringBoot-Project/distributed-passbook/passbook/target/classes/cn/edu/nju/service/*.class]
13:47:54.563 [main] DEBUG org.springframework.core.io.support.PathMatchingResourcePatternResolver - Resolved location pattern [classpath*:cn/edu/nju/service/*.class] to resources [file [/Users/thpffcj/Public/local-repository/SpringBoot-Project/distributed-passbook/passbook/target/test-classes/cn/edu/nju/service/RedisTemplateTest.class], file [/Users/thpffcj/Public/local-repository/SpringBoot-Project/distributed-passbook/passbook/target/test-classes/cn/edu/nju/service/UserServiceTest.class], file [/Users/thpffcj/Public/local-repository/SpringBoot-Project/distributed-passbook/passbook/target/classes/cn/edu/nju/service/ConsumePassTemplate.class], file [/Users/thpffcj/Public/local-repository/SpringBoot-Project/distributed-passbook/passbook/target/classes/cn/edu/nju/service/IFeedbackService.class], file [/Users/thpffcj/Public/local-repository/SpringBoot-Project/distributed-passbook/passbook/target/classes/cn/edu/nju/service/IGainPassTemplateService.class], file [/Users/thpffcj/Public/local-repository/SpringBoot-Project/distributed-passbook/passbook/target/classes/cn/edu/nju/service/IHBasePassService.class], file [/Users/thpffcj/Public/local-repository/SpringBoot-Project/distributed-passbook/passbook/target/classes/cn/edu/nju/service/IInventoryService.class], file [/Users/thpffcj/Public/local-repository/SpringBoot-Project/distributed-passbook/passbook/target/classes/cn/edu/nju/service/IUserPassService.class], file [/Users/thpffcj/Public/local-repository/SpringBoot-Project/distributed-passbook/passbook/target/classes/cn/edu/nju/service/IUserService.class]]
13:47:54.602 [main] DEBUG org.springframework.core.io.support.PathMatchingResourcePatternResolver - Resolved classpath location [cn/edu/nju/] to resources [URL [file:/Users/thpffcj/Public/local-repository/SpringBoot-Project/distributed-passbook/passbook/target/test-classes/cn/edu/nju/], URL [file:/Users/thpffcj/Public/local-repository/SpringBoot-Project/distributed-passbook/passbook/target/classes/cn/edu/nju/]]
13:47:54.603 [main] DEBUG org.springframework.core.io.support.PathMatchingResourcePatternResolver - Looking for matching resources in directory tree [/Users/thpffcj/Public/local-repository/SpringBoot-Project/distributed-passbook/passbook/target/test-classes/cn/edu/nju]
13:47:54.604 [main] DEBUG org.springframework.core.io.support.PathMatchingResourcePatternResolver - Searching directory [/Users/thpffcj/Public/local-repository/SpringBoot-Project/distributed-passbook/passbook/target/test-classes/cn/edu/nju] for files matching pattern [/Users/thpffcj/Public/local-repository/SpringBoot-Project/distributed-passbook/passbook/target/test-classes/cn/edu/nju/*.class]
13:47:54.605 [main] DEBUG org.springframework.core.io.support.PathMatchingResourcePatternResolver - Looking for matching resources in directory tree [/Users/thpffcj/Public/local-repository/SpringBoot-Project/distributed-passbook/passbook/target/classes/cn/edu/nju]
13:47:54.605 [main] DEBUG org.springframework.core.io.support.PathMatchingResourcePatternResolver - Searching directory [/Users/thpffcj/Public/local-repository/SpringBoot-Project/distributed-passbook/passbook/target/classes/cn/edu/nju] for files matching pattern [/Users/thpffcj/Public/local-repository/SpringBoot-Project/distributed-passbook/passbook/target/classes/cn/edu/nju/*.class]
13:47:54.608 [main] DEBUG org.springframework.core.io.support.PathMatchingResourcePatternResolver - Resolved location pattern [classpath*:cn/edu/nju/*.class] to resources [file [/Users/thpffcj/Public/local-repository/SpringBoot-Project/distributed-passbook/passbook/target/test-classes/cn/edu/nju/PassbookApplication.class], file [/Users/thpffcj/Public/local-repository/SpringBoot-Project/distributed-passbook/passbook/target/classes/cn/edu/nju/PassbookApplication.class]]
13:47:54.647 [main] DEBUG org.springframework.context.annotation.ClassPathScanningCandidateComponentProvider - Identified candidate component class: file [/Users/thpffcj/Public/local-repository/SpringBoot-Project/distributed-passbook/passbook/target/test-classes/cn/edu/nju/PassbookApplication.class]
13:47:54.648 [main] DEBUG org.springframework.context.annotation.ClassPathScanningCandidateComponentProvider - Identified candidate component class: file [/Users/thpffcj/Public/local-repository/SpringBoot-Project/distributed-passbook/passbook/target/classes/cn/edu/nju/PassbookApplication.class]
13:47:54.651 [main] INFO org.springframework.boot.test.context.SpringBootTestContextBootstrapper - Found @SpringBootConfiguration cn.edu.nju.PassbookApplication for test class cn.edu.nju.service.RedisTemplateTest
13:47:54.657 [main] DEBUG org.springframework.boot.test.context.SpringBootTestContextBootstrapper - @TestExecutionListeners is not present for class [cn.edu.nju.service.RedisTemplateTest]: using defaults.
13:47:54.661 [main] INFO org.springframework.boot.test.context.SpringBootTestContextBootstrapper - Loaded default TestExecutionListener class names from location [META-INF/spring.factories]: [org.springframework.boot.test.mock.mockito.MockitoTestExecutionListener, org.springframework.boot.test.mock.mockito.ResetMocksTestExecutionListener, org.springframework.boot.test.autoconfigure.restdocs.RestDocsTestExecutionListener, org.springframework.boot.test.autoconfigure.web.client.MockRestServiceServerResetTestExecutionListener, org.springframework.boot.test.autoconfigure.web.servlet.MockMvcPrintOnlyOnFailureTestExecutionListener, org.springframework.boot.test.autoconfigure.web.servlet.WebDriverTestExecutionListener, org.springframework.test.context.web.ServletTestExecutionListener, org.springframework.test.context.support.DirtiesContextBeforeModesTestExecutionListener, org.springframework.test.context.support.DependencyInjectionTestExecutionListener, org.springframework.test.context.support.DirtiesContextTestExecutionListener, org.springframework.test.context.transaction.TransactionalTestExecutionListener, org.springframework.test.context.jdbc.SqlScriptsTestExecutionListener]
13:47:54.678 [main] INFO org.springframework.boot.test.context.SpringBootTestContextBootstrapper - Using TestExecutionListeners: [org.springframework.test.context.web.ServletTestExecutionListener@d83da2e, org.springframework.test.context.support.DirtiesContextBeforeModesTestExecutionListener@a4102b8, org.springframework.boot.test.autoconfigure.SpringBootDependencyInjectionTestExecutionListener@11dc3715, org.springframework.test.context.support.DirtiesContextTestExecutionListener@69930714, org.springframework.test.context.transaction.TransactionalTestExecutionListener@7a52f2a2, org.springframework.test.context.jdbc.SqlScriptsTestExecutionListener@78047b92, org.springframework.boot.test.mock.mockito.MockitoTestExecutionListener@8909f18, org.springframework.boot.test.mock.mockito.ResetMocksTestExecutionListener@79ca92b9, org.springframework.boot.test.autoconfigure.web.servlet.WebDriverTestExecutionListener@1460a8c0, org.springframework.boot.test.autoconfigure.web.client.MockRestServiceServerResetTestExecutionListener@4f638935, org.springframework.boot.test.autoconfigure.restdocs.RestDocsTestExecutionListener@4387b79e, org.springframework.boot.test.autoconfigure.web.servlet.MockMvcPrintOnlyOnFailureTestExecutionListener@6e75aa0d]
13:47:54.681 [main] DEBUG org.springframework.test.annotation.ProfileValueUtils - Retrieved @ProfileValueSourceConfiguration [null] for test class [cn.edu.nju.service.RedisTemplateTest]
13:47:54.681 [main] DEBUG org.springframework.test.annotation.ProfileValueUtils - Retrieved ProfileValueSource type [class org.springframework.test.annotation.SystemProfileValueSource] for class [cn.edu.nju.service.RedisTemplateTest]
]]></system-out>
        <system-err><![CDATA[SLF4J: Class path contains multiple SLF4J bindings.
SLF4J: Found binding in [jar:file:/Users/thpffcj/Public/mvnrepository/ch/qos/logback/logback-classic/1.1.11/logback-classic-1.1.11.jar!/org/slf4j/impl/StaticLoggerBinder.class]
SLF4J: Found binding in [jar:file:/Users/thpffcj/Public/mvnrepository/org/slf4j/slf4j-log4j12/1.7.25/slf4j-log4j12-1.7.25.jar!/org/slf4j/impl/StaticLoggerBinder.class]
SLF4J: See http://www.slf4j.org/codes.html#multiple_bindings for an explanation.
SLF4J: Actual binding is of type [ch.qos.logback.classic.util.ContextSelectorStaticBinder]
]]></system-err>
    </testcase>
</testsuite>